app/build/intermediates/manifest_merge_blame_file/debug/manifest-merger-blame-debug-report.txt
1<?xml version="1.0" encoding="utf-8"?>
2<manifest xmlns:android="http://schemas.android.com/apk/res/android"
3    package="com.nebulacompanies.ibo"
4    android:versionCode="74"
5    android:versionName="1.1.73" >
6
7    <uses-sdk
7-->src\main\AndroidManifest.xml:6:5-68
8        android:minSdkVersion="21"
8-->src\main\AndroidManifest.xml:6:5-68
9        android:targetSdkVersion="30" />
9-->src\main\AndroidManifest.xml:6:5-68
10    <!--
11         The ACCESS_COARSE/FINE_LOCATION permissions are not required to use
12         Google Maps Android API v2, but you must specify either coarse or fine
13         location permissions for the "MyLocation" functionality.
14    -->
15    <uses-permission android:name="android.permission.ACCESS_FINE_LOCATION" />
15-->src\main\AndroidManifest.xml:12:5-79
15-->src\main\AndroidManifest.xml:12:22-76
16    <uses-permission android:name="android.permission.INTERNET" />
16-->src\main\AndroidManifest.xml:13:5-67
16-->src\main\AndroidManifest.xml:13:22-64
17    <uses-permission android:name="android.permission.ACCESS_NETWORK_STATE" /> <!-- <uses-permission android:name="android.permission.CALL_PHONE" /> -->
17-->src\main\AndroidManifest.xml:14:5-79
17-->src\main\AndroidManifest.xml:14:22-76
18    <uses-permission android:name="android.permission.MEDIA_CONTENT_CONTROL" />
18-->src\main\AndroidManifest.xml:15:5-17:47
18-->src\main\AndroidManifest.xml:16:9-64
19    <uses-permission android:name="android.permission.WRITE_EXTERNAL_STORAGE" />
19-->src\main\AndroidManifest.xml:18:5-81
19-->src\main\AndroidManifest.xml:18:22-78
20    <uses-permission android:name="android.permission.READ_EXTERNAL_STORAGE" />
20-->src\main\AndroidManifest.xml:19:5-80
20-->src\main\AndroidManifest.xml:19:22-77
21    <uses-permission android:name="android.permission.ACCESS_COARSE_LOCATION" /> <!-- Needed only if your app targets Android 5.0 (API level 21) or higher. -->
21-->src\main\AndroidManifest.xml:20:5-81
21-->src\main\AndroidManifest.xml:20:22-78
22    <uses-permission android:name="android.permission.CALL_PHONE" />
22-->src\main\AndroidManifest.xml:21:5-69
22-->src\main\AndroidManifest.xml:21:22-66
23    <uses-permission android:name="android.permission.READ_PHONE_STATE" /> <!-- Removed due to Play Store Policy -->
23-->src\main\AndroidManifest.xml:22:5-75
23-->src\main\AndroidManifest.xml:22:22-72
24
25    <uses-permission android:name="android.permission.READ_PROFILE" />
25-->src\main\AndroidManifest.xml:24:5-71
25-->src\main\AndroidManifest.xml:24:22-68
26    <uses-permission android:name="android.permission.CAMERA" />
26-->src\main\AndroidManifest.xml:25:5-65
26-->src\main\AndroidManifest.xml:25:22-62
27    <uses-permission android:name="android.permission.CHANGE_NETWORK_STATE" />
27-->src\main\AndroidManifest.xml:26:5-79
27-->src\main\AndroidManifest.xml:26:22-76
28
29    <uses-feature
29-->src\main\AndroidManifest.xml:28:5-30:35
30        android:name="android.hardware.camera"
30-->src\main\AndroidManifest.xml:29:9-47
31        android:required="true" />
31-->src\main\AndroidManifest.xml:30:9-32
32    <uses-feature
32-->src\main\AndroidManifest.xml:32:5-34:36
33        android:name="android.hardware.camera.autofocus"
33-->src\main\AndroidManifest.xml:33:9-57
34        android:required="false" />
34-->src\main\AndroidManifest.xml:34:9-33
35
36    <uses-permission android:name="android.permission.RECEIVE_BOOT_COMPLETED" />
36-->src\main\AndroidManifest.xml:36:5-81
36-->src\main\AndroidManifest.xml:36:22-78
37    <uses-permission android:name="android.permission.WAKE_LOCK" />
37-->src\main\AndroidManifest.xml:37:5-68
37-->src\main\AndroidManifest.xml:37:22-65
38
39    <queries>
39-->[com.paytm.appinvokesdk:appinvokesdk:1.6.5] AndroidManifest.xml:9:5-20:15
40
41        <!-- Specific apps you interact with, eg: -->
42        <package android:name="com.paytm.pgsdk.TransactionManager.PAYTM_APP_PACKAGE" />
42-->[com.paytm.appinvokesdk:appinvokesdk:1.6.5] AndroidManifest.xml:12:9-88
42-->[com.paytm.appinvokesdk:appinvokesdk:1.6.5] AndroidManifest.xml:12:18-85
43        <!--
44             Specific intents you query for,
45             eg: for a custom share UI
46        -->
47        <intent>
47-->[com.paytm.appinvokesdk:appinvokesdk:1.6.5] AndroidManifest.xml:17:9-19:18
48            <action android:name="android.intent.action.MAIN" />
48-->src\main\AndroidManifest.xml:143:22-74
48-->src\main\AndroidManifest.xml:143:30-71
49        </intent>
50
51        <package android:name="in.amazon.mShop.android.shopping" />
51-->[in.payu:upisdk:1.5.3] AndroidManifest.xml:15:9-68
51-->[in.payu:upisdk:1.5.3] AndroidManifest.xml:15:18-65
52        <package android:name="com.upi.axispay" />
52-->[in.payu:upisdk:1.5.3] AndroidManifest.xml:16:9-51
52-->[in.payu:upisdk:1.5.3] AndroidManifest.xml:16:18-48
53        <package android:name="com.axis.mobile" />
53-->[in.payu:upisdk:1.5.3] AndroidManifest.xml:17:9-51
53-->[in.payu:upisdk:1.5.3] AndroidManifest.xml:17:18-48
54        <package android:name="com.fisglobal.bandhanupi.app" />
54-->[in.payu:upisdk:1.5.3] AndroidManifest.xml:18:9-64
54-->[in.payu:upisdk:1.5.3] AndroidManifest.xml:18:18-61
55        <package android:name="com.bankofbaroda.upi" />
55-->[in.payu:upisdk:1.5.3] AndroidManifest.xml:19:9-56
55-->[in.payu:upisdk:1.5.3] AndroidManifest.xml:19:18-53
56        <package android:name="in.org.npci.upiapp" />
56-->[in.payu:upisdk:1.5.3] AndroidManifest.xml:20:9-54
56-->[in.payu:upisdk:1.5.3] AndroidManifest.xml:20:18-51
57        <package android:name="com.canarabank.mobility" />
57-->[in.payu:upisdk:1.5.3] AndroidManifest.xml:21:9-59
57-->[in.payu:upisdk:1.5.3] AndroidManifest.xml:21:18-56
58        <package android:name="com.citiuat" />
58-->[in.payu:upisdk:1.5.3] AndroidManifest.xml:22:9-47
58-->[in.payu:upisdk:1.5.3] AndroidManifest.xml:22:18-44
59        <package android:name="com.dbs.in.digitalbank" />
59-->[in.payu:upisdk:1.5.3] AndroidManifest.xml:23:9-58
59-->[in.payu:upisdk:1.5.3] AndroidManifest.xml:23:18-55
60        <package android:name="com.olive.dcb.upi" />
60-->[in.payu:upisdk:1.5.3] AndroidManifest.xml:24:9-53
60-->[in.payu:upisdk:1.5.3] AndroidManifest.xml:24:18-50
61        <package android:name="com.finopaytech.bpayfino" />
61-->[in.payu:upisdk:1.5.3] AndroidManifest.xml:25:9-60
61-->[in.payu:upisdk:1.5.3] AndroidManifest.xml:25:18-57
62        <package android:name="com.freecharge.android" />
62-->[in.payu:upisdk:1.5.3] AndroidManifest.xml:26:9-58
62-->[in.payu:upisdk:1.5.3] AndroidManifest.xml:26:18-55
63        <package android:name="com.google.android.apps.nbu.paisa.user" />
63-->[in.payu:upisdk:1.5.3] AndroidManifest.xml:27:9-74
63-->[in.payu:upisdk:1.5.3] AndroidManifest.xml:27:18-71
64        <package android:name="com.snapwork.hdfc" />
64-->[in.payu:upisdk:1.5.3] AndroidManifest.xml:28:9-53
64-->[in.payu:upisdk:1.5.3] AndroidManifest.xml:28:18-50
65        <package android:name="com.mgs.hsbcupi" />
65-->[in.payu:upisdk:1.5.3] AndroidManifest.xml:29:9-51
65-->[in.payu:upisdk:1.5.3] AndroidManifest.xml:29:18-48
66        <package android:name="com.csam.icici.bank.imobile" />
66-->[in.payu:upisdk:1.5.3] AndroidManifest.xml:30:9-63
66-->[in.payu:upisdk:1.5.3] AndroidManifest.xml:30:18-60
67        <package android:name="com.icicibank.pockets" />
67-->[in.payu:upisdk:1.5.3] AndroidManifest.xml:31:9-57
67-->[in.payu:upisdk:1.5.3] AndroidManifest.xml:31:18-54
68        <package android:name="com.euronet.iobupi" />
68-->[in.payu:upisdk:1.5.3] AndroidManifest.xml:32:9-54
68-->[in.payu:upisdk:1.5.3] AndroidManifest.xml:32:18-51
69        <package android:name="com.mgs.induspsp" />
69-->[in.payu:upisdk:1.5.3] AndroidManifest.xml:33:9-52
69-->[in.payu:upisdk:1.5.3] AndroidManifest.xml:33:18-49
70        <package android:name="com.fss.jnkpsp" />
70-->[in.payu:upisdk:1.5.3] AndroidManifest.xml:34:9-50
70-->[in.payu:upisdk:1.5.3] AndroidManifest.xml:34:18-47
71        <package android:name="com.jio.myjio" />
71-->[in.payu:upisdk:1.5.3] AndroidManifest.xml:35:9-49
71-->[in.payu:upisdk:1.5.3] AndroidManifest.xml:35:18-46
72        <package android:name="com.mycompany.kvb" />
72-->[in.payu:upisdk:1.5.3] AndroidManifest.xml:36:9-53
72-->[in.payu:upisdk:1.5.3] AndroidManifest.xml:36:18-50
73        <package android:name="com.kvb.mobilebanking" />
73-->[in.payu:upisdk:1.5.3] AndroidManifest.xml:37:9-57
73-->[in.payu:upisdk:1.5.3] AndroidManifest.xml:37:18-54
74        <package android:name="com.lcode.smartz" />
74-->[in.payu:upisdk:1.5.3] AndroidManifest.xml:38:9-52
74-->[in.payu:upisdk:1.5.3] AndroidManifest.xml:38:18-49
75        <package android:name="com.msf.kbank.mobile" />
75-->[in.payu:upisdk:1.5.3] AndroidManifest.xml:39:9-56
75-->[in.payu:upisdk:1.5.3] AndroidManifest.xml:39:18-53
76        <package android:name="com.upi.federalbank.org.lotza" />
76-->[in.payu:upisdk:1.5.3] AndroidManifest.xml:40:9-65
76-->[in.payu:upisdk:1.5.3] AndroidManifest.xml:40:18-62
77        <package android:name="com.infrasofttech.mahaupi" />
77-->[in.payu:upisdk:1.5.3] AndroidManifest.xml:41:9-61
77-->[in.payu:upisdk:1.5.3] AndroidManifest.xml:41:18-58
78        <package android:name="com.mipay.in.wallet" />
78-->[in.payu:upisdk:1.5.3] AndroidManifest.xml:42:9-55
78-->[in.payu:upisdk:1.5.3] AndroidManifest.xml:42:18-52
79        <package android:name="com.myairtelapp" />
79-->[in.payu:upisdk:1.5.3] AndroidManifest.xml:43:9-51
79-->[in.payu:upisdk:1.5.3] AndroidManifest.xml:43:18-48
80        <package android:name="com.mobikwik_new" />
80-->[in.payu:upisdk:1.5.3] AndroidManifest.xml:44:9-52
80-->[in.payu:upisdk:1.5.3] AndroidManifest.xml:44:18-49
81        <package android:name="com.onymy.paybee.prod" />
81-->[in.payu:upisdk:1.5.3] AndroidManifest.xml:45:9-57
81-->[in.payu:upisdk:1.5.3] AndroidManifest.xml:45:18-54
82        <package android:name="net.one97.paytm" />
82-->[in.payu:upisdk:1.5.3] AndroidManifest.xml:46:9-51
82-->[in.payu:upisdk:1.5.3] AndroidManifest.xml:46:18-48
83        <package android:name="com.phonepe.app" />
83-->[in.payu:upisdk:1.5.3] AndroidManifest.xml:47:9-51
83-->[in.payu:upisdk:1.5.3] AndroidManifest.xml:47:18-48
84        <package android:name="com.Version1" />
84-->[in.payu:upisdk:1.5.3] AndroidManifest.xml:48:9-48
84-->[in.payu:upisdk:1.5.3] AndroidManifest.xml:48:18-45
85        <package android:name="com.samsung.android.spay" />
85-->[in.payu:upisdk:1.5.3] AndroidManifest.xml:49:9-60
85-->[in.payu:upisdk:1.5.3] AndroidManifest.xml:49:18-57
86        <package android:name="com.sbi.upi" />
86-->[in.payu:upisdk:1.5.3] AndroidManifest.xml:50:9-47
86-->[in.payu:upisdk:1.5.3] AndroidManifest.xml:50:18-44
87        <package android:name="com.SIBMobile" />
87-->[in.payu:upisdk:1.5.3] AndroidManifest.xml:51:9-49
87-->[in.payu:upisdk:1.5.3] AndroidManifest.xml:51:18-46
88        <package android:name="com.truecaller" />
88-->[in.payu:upisdk:1.5.3] AndroidManifest.xml:52:9-50
88-->[in.payu:upisdk:1.5.3] AndroidManifest.xml:52:18-47
89        <package android:name="com.infrasoft.uboi" />
89-->[in.payu:upisdk:1.5.3] AndroidManifest.xml:53:9-54
89-->[in.payu:upisdk:1.5.3] AndroidManifest.xml:53:18-51
90        <package android:name="com.lcode.ucoupi" />
90-->[in.payu:upisdk:1.5.3] AndroidManifest.xml:54:9-52
90-->[in.payu:upisdk:1.5.3] AndroidManifest.xml:54:18-49
91        <package android:name="com.YesBank" />
91-->[in.payu:upisdk:1.5.3] AndroidManifest.xml:55:9-47
91-->[in.payu:upisdk:1.5.3] AndroidManifest.xml:55:18-44
92        <package android:name="com.dreamplug.androidapp" />
92-->[in.payu:upisdk:1.5.3] AndroidManifest.xml:56:9-60
92-->[in.payu:upisdk:1.5.3] AndroidManifest.xml:56:18-57
93        <package android:name="money.bullet" /> <!-- Needs to be explicitly declared on Android R+ -->
93-->[in.payu:upisdk:1.5.3] AndroidManifest.xml:57:9-48
93-->[in.payu:upisdk:1.5.3] AndroidManifest.xml:57:18-45
94        <package android:name="com.google.android.apps.maps" />
94-->[com.google.android.gms:play-services-maps:18.0.0] AndroidManifest.xml:33:9-64
94-->[com.google.android.gms:play-services-maps:18.0.0] AndroidManifest.xml:33:18-61
95
96        <intent>
96-->[androidx.media:media:1.4.1] AndroidManifest.xml:25:9-27:18
97            <action android:name="android.media.browse.MediaBrowserService" />
97-->[androidx.media:media:1.4.1] AndroidManifest.xml:26:13-79
97-->[androidx.media:media:1.4.1] AndroidManifest.xml:26:21-76
98        </intent>
99    </queries>
100
101    <uses-permission android:name="android.permission.ACCESS_WIFI_STATE" /> <!-- Required by older versions of Google Play services to create GCM registration tokens -->
101-->[in.payu:payu-checkout-pro-ui:1.8.1] AndroidManifest.xml:13:5-76
101-->[in.payu:payu-checkout-pro-ui:1.8.1] AndroidManifest.xml:13:22-73
102    <uses-permission android:name="com.google.android.c2dm.permission.RECEIVE" />
102-->[com.google.android.gms:play-services-gcm:17.0.0] AndroidManifest.xml:23:5-82
102-->[com.google.android.gms:play-services-gcm:17.0.0] AndroidManifest.xml:23:22-79
103
104    <uses-feature
104-->[com.google.android.gms:play-services-maps:18.0.0] AndroidManifest.xml:26:5-28:35
105        android:glEsVersion="0x00020000"
105-->[com.google.android.gms:play-services-maps:18.0.0] AndroidManifest.xml:27:9-41
106        android:required="true" />
106-->[com.google.android.gms:play-services-maps:18.0.0] AndroidManifest.xml:28:9-32
107
108    <uses-permission android:name="com.google.android.finsky.permission.BIND_GET_INSTALL_REFERRER_SERVICE" /> <!-- Permission will be merged into the manifest of the hosting app. -->
108-->[com.google.android.gms:play-services-measurement:20.0.0] AndroidManifest.xml:26:5-110
108-->[com.google.android.gms:play-services-measurement:20.0.0] AndroidManifest.xml:26:22-107
109    <!-- Is required to launch foreground extraction service for targetSdkVersion 28+. -->
110    <uses-permission android:name="android.permission.FOREGROUND_SERVICE" />
110-->[com.google.android.play:core:1.10.2] AndroidManifest.xml:13:5-77
110-->[com.google.android.play:core:1.10.2] AndroidManifest.xml:13:22-74
111
112    <application
112-->src\main\AndroidManifest.xml:39:5-828:19
113        android:name="com.nebulacompanies.ibo.IBOBackOffice"
113-->src\main\AndroidManifest.xml:40:9-38
114        android:allowBackup="false"
114-->src\main\AndroidManifest.xml:41:9-36
115        android:appComponentFactory="androidx.core.app.CoreComponentFactory"
115-->[androidx.core:core:1.6.0] AndroidManifest.xml:24:18-86
116        android:debuggable="true"
116-->src\main\AndroidManifest.xml:42:9-35
117        android:exported="true"
117-->src\main\AndroidManifest.xml:43:9-32
118        android:hardwareAccelerated="true"
118-->src\main\AndroidManifest.xml:44:9-43
119        android:icon="@drawable/app_logo"
119-->src\main\AndroidManifest.xml:45:9-42
120        android:label="@string/app_name"
120-->src\main\AndroidManifest.xml:46:9-41
121        android:largeHeap="true"
121-->src\main\AndroidManifest.xml:47:9-33
122        android:requestLegacyExternalStorage="true"
122-->src\main\AndroidManifest.xml:48:9-52
123        android:supportsRtl="true"
123-->src\main\AndroidManifest.xml:49:9-35
124        android:testOnly="true"
125        android:theme="@android:style/Theme.DeviceDefault.Light.NoActionBar"
125-->src\main\AndroidManifest.xml:50:9-77
126        android:usesCleartextTraffic="true" >
126-->src\main\AndroidManifest.xml:51:9-44
127
128        <!-- [START fcm_default_icon] -->
129        <!--
130             Set custom default icon. This is used when no icon is set for incoming notification messages.
131             See README(https://goo.gl/l4GJaQ) for more.
132        -->
133        <meta-data
133-->src\main\AndroidManifest.xml:59:9-61:60
134            android:name="com.google.firebase.messaging.default_notification_icon"
134-->src\main\AndroidManifest.xml:60:13-83
135            android:resource="@mipmap/notification_icon" />
135-->src\main\AndroidManifest.xml:61:13-57
136        <!--
137             Set color used with incoming notification messages. This is used when no color is set for the incoming
138             notification message. See README(https://goo.gl/6BKBk7) for more.
139        -->
140        <meta-data
140-->src\main\AndroidManifest.xml:64:9-66:48
141            android:name="com.google.firebase.messaging.default_notification_color"
141-->src\main\AndroidManifest.xml:65:13-84
142            android:resource="@color/nebula" />
142-->src\main\AndroidManifest.xml:66:13-45
143        <!-- [END fcm_default_icon] -->
144        <!-- [START fcm_default_channel] -->
145        <!--
146              <meta-data
147              android:name="com.google.firebase.messaging.default_notification_channel_id"
148              android:value="@string/default_notification_channel_id" />
149        -->
150        <!-- [END fcm_default_channel] -->
151
152
153        <!--
154             The API key for Google Maps-based APIs is defined as a string resource.
155             (See the file "res/values/google_maps_api.xml").
156             Note that the API key is linked to the encryption key used to sign the APK.
157             You need a different API key for each encryption key, including the release key that is used to
158             sign the APK for publishing.
159             You can define the keys for the debug and release targets in src/debug/ and src/release/.
160        -->
161        <meta-data
161-->src\main\AndroidManifest.xml:82:9-84:55
162            android:name="com.google.android.geo.API_KEY"
162-->src\main\AndroidManifest.xml:83:13-58
163            android:value="@string/google_maps_key" />
163-->src\main\AndroidManifest.xml:84:13-52
164
165        <provider
166            android:name="androidx.core.content.FileProvider"
166-->src\main\AndroidManifest.xml:86:13-62
167            android:authorities="com.nebulacompanies.ibo.fileprovider"
167-->src\main\AndroidManifest.xml:87:13-71
168            android:exported="false"
168-->src\main\AndroidManifest.xml:88:13-37
169            android:grantUriPermissions="true" >
169-->src\main\AndroidManifest.xml:89:13-47
170            <meta-data
170-->src\main\AndroidManifest.xml:91:13-94:52
171                android:name="android.support.FILE_PROVIDER_PATHS"
171-->src\main\AndroidManifest.xml:92:17-67
172                android:resource="@xml/file_paths" />
172-->src\main\AndroidManifest.xml:93:17-51
173        </provider>
174
175        <activity
175-->src\main\AndroidManifest.xml:96:9-101:57
176            android:name="com.nebulacompanies.ibo.activities.MyDownlineWeb"
176-->src\main\AndroidManifest.xml:97:13-53
177            android:configChanges="keyboard|keyboardHidden|orientation|screenSize"
177-->src\main\AndroidManifest.xml:98:13-83
178            android:screenOrientation="portrait"
178-->src\main\AndroidManifest.xml:99:13-49
179            android:theme="@style/Theme.AppCompat.Light.NoActionBar"
179-->src\main\AndroidManifest.xml:100:13-69
180            android:windowSoftInputMode="stateHidden" />
180-->src\main\AndroidManifest.xml:101:13-54
181
182        <receiver
182-->src\main\AndroidManifest.xml:103:9-113:20
183            android:name="com.nebulacompanies.ibo.util.NetworkChangeReceiver"
183-->src\main\AndroidManifest.xml:104:13-55
184            android:exported="true"
184-->src\main\AndroidManifest.xml:105:13-36
185            android:label="NetworkChangeReceiver" >
185-->src\main\AndroidManifest.xml:106:13-50
186            <intent-filter>
186-->src\main\AndroidManifest.xml:107:13-112:29
187                <action android:name="android.intent.action.MANAGE_NETWORK_USAGE" />
187-->src\main\AndroidManifest.xml:108:17-85
187-->src\main\AndroidManifest.xml:108:25-82
188                <action android:name="android.net.conn.CONNECTIVITY_CHANGE" />
188-->src\main\AndroidManifest.xml:109:17-79
188-->src\main\AndroidManifest.xml:109:25-76
189                <action android:name="android.net.wifi.WIFI_STATE_CHANGED" />
189-->src\main\AndroidManifest.xml:110:17-78
189-->src\main\AndroidManifest.xml:110:25-75
190                <!--  -->
191            </intent-filter>
192        </receiver>
193
194        <!--
195         <receiver
196             android:name="com.google.firebase.iid.FirebaseInstanceIdReceiver"
197             android:exported="true"
198             android:permission="com.google.android.c2dm.permission.SEND" >
199             <intent-filter>
200                 <action android:name="com.google.android.c2dm.intent.RECEIVE" />
201                 <category android:name="com.nebulacompanies.ibo" />
202             </intent-filter>
203         </receiver>
204        -->
205
206        <receiver
206-->src\main\AndroidManifest.xml:127:9-133:20
207            android:name="com.nebulacompanies.ibo.sms.SmsBroadcastReceiver"
207-->src\main\AndroidManifest.xml:128:13-53
208            android:exported="true" >
208-->src\main\AndroidManifest.xml:129:13-36
209            <intent-filter>
209-->src\main\AndroidManifest.xml:130:13-132:29
210                <action android:name="com.google.android.gms.auth.api.phone.SMS_RETRIEVE" />
210-->src\main\AndroidManifest.xml:131:17-93
210-->src\main\AndroidManifest.xml:131:25-90
211            </intent-filter>
212        </receiver>
213
214        <activity
214-->src\main\AndroidManifest.xml:135:9-149:25
215            android:name="com.nebulacompanies.ibo.activities.StartUp"
215-->src\main\AndroidManifest.xml:136:18-52
216            android:configChanges="keyboard|keyboardHidden|screenSize"
216-->src\main\AndroidManifest.xml:137:18-76
217            android:exported="true"
217-->src\main\AndroidManifest.xml:139:18-41
218            android:noHistory="true"
218-->src\main\AndroidManifest.xml:138:18-42
219            android:theme="@style/StartUp"
219-->src\main\AndroidManifest.xml:140:18-48
220            android:windowSoftInputMode="stateUnchanged|adjustResize|stateHidden|stateAlwaysHidden" >
220-->src\main\AndroidManifest.xml:141:18-105
221            <intent-filter>
221-->src\main\AndroidManifest.xml:142:18-147:34
222                <action android:name="android.intent.action.MAIN" />
222-->src\main\AndroidManifest.xml:143:22-74
222-->src\main\AndroidManifest.xml:143:30-71
223                <action android:name="android.intent.action.VIEW" />
223-->src\main\AndroidManifest.xml:144:22-74
223-->src\main\AndroidManifest.xml:144:30-71
224
225                <category android:name="android.intent.category.LAUNCHER" />
225-->src\main\AndroidManifest.xml:146:22-82
225-->src\main\AndroidManifest.xml:146:32-79
226            </intent-filter>
227        </activity>
228        <!--
229          <activity
230              android:name=".activities.DemoActivity"
231              android:configChanges="keyboard|keyboardHidden|orientation|screenSize"
232              android:screenOrientation="portrait"
233              android:theme="@style/Theme.AppCompat.Light.NoActionBar"
234              android:windowSoftInputMode="stateHidden" >
235              <intent-filter>
236                  <action android:name="android.intent.action.MAIN" />
237                  <action android:name="android.intent.action.VIEW" />
238                  <category android:name="android.intent.category.LAUNCHER" />
239              </intent-filter>
240          </activity>
241        -->
242        <!--
243        <activity
244            android:name=".ecom.MyLatestCategoryActivity"
245            android:configChanges="keyboard|keyboardHidden|screenSize"
246            android:exported="true"
247            android:noHistory="true"
248            android:theme="@style/StartUp"
249            android:windowSoftInputMode="stateUnchanged|adjustResize|stateHidden|stateAlwaysHidden">
250            <intent-filter>
251                <action android:name="android.intent.action.MAIN" />
252                <action android:name="android.intent.action.VIEW" />
253                <category android:name="android.intent.category.LAUNCHER" />
254            </intent-filter>
255
256        </activity>
257        -->
258        <activity
258-->src\main\AndroidManifest.xml:176:9-189:20
259            android:name="com.nebulacompanies.ibo.ecom.MyLatestCategoryActivity"
259-->src\main\AndroidManifest.xml:177:13-58
260            android:configChanges="keyboard|keyboardHidden|screenSize"
260-->src\main\AndroidManifest.xml:178:13-71
261            android:exported="true"
261-->src\main\AndroidManifest.xml:179:13-36
262            android:noHistory="true"
262-->src\main\AndroidManifest.xml:180:13-37
263            android:theme="@style/StartUp"
263-->src\main\AndroidManifest.xml:181:13-43
264            android:windowSoftInputMode="stateUnchanged|adjustResize|stateHidden|stateAlwaysHidden" >
264-->src\main\AndroidManifest.xml:182:13-100
265
266            <!--
267            <intent-filter>
268                <action android:name="android.intent.action.MAIN" />
269                <action android:name="android.intent.action.VIEW" />
270                <category android:name="android.intent.category.LAUNCHER" />
271            </intent-filter>
272            -->
273
274        </activity>
275
276        <uses-library
276-->src\main\AndroidManifest.xml:190:9-192:40
277            android:name="org.apache.http.legacy"
277-->src\main\AndroidManifest.xml:191:13-50
278            android:required="false" />
278-->src\main\AndroidManifest.xml:192:13-37
279
280        <activity
280-->src\main\AndroidManifest.xml:194:9-198:72
281            android:name="com.nebulacompanies.ibo.activities.PinActivity"
281-->src\main\AndroidManifest.xml:195:13-51
282            android:configChanges="keyboard|keyboardHidden|screenSize"
282-->src\main\AndroidManifest.xml:196:13-71
283            android:screenOrientation="portrait"
283-->src\main\AndroidManifest.xml:197:13-49
284            android:theme="@style/Theme.AppCompat.Light.NoActionBar" />
284-->src\main\AndroidManifest.xml:198:13-69
285        <activity
285-->src\main\AndroidManifest.xml:199:9-203:54
286            android:name="com.nebulacompanies.ibo.activities.IdcardActivity"
286-->src\main\AndroidManifest.xml:200:13-54
287            android:configChanges="keyboard|keyboardHidden|orientation|screenSize"
287-->src\main\AndroidManifest.xml:201:13-83
288            android:screenOrientation="portrait"
288-->src\main\AndroidManifest.xml:202:13-49
289            android:theme="@style/Theme.AppCompat" />
289-->src\main\AndroidManifest.xml:203:13-51
290        <activity
290-->src\main\AndroidManifest.xml:205:9-209:72
291            android:name="com.nebulacompanies.ibo.activities.ContactUs"
291-->src\main\AndroidManifest.xml:206:13-49
292            android:configChanges="keyboard|keyboardHidden|screenSize"
292-->src\main\AndroidManifest.xml:207:13-71
293            android:screenOrientation="portrait"
293-->src\main\AndroidManifest.xml:208:13-49
294            android:theme="@style/Theme.AppCompat.Light.NoActionBar" />
294-->src\main\AndroidManifest.xml:209:13-69
295        <activity
295-->src\main\AndroidManifest.xml:210:9-214:72
296            android:name="com.nebulacompanies.ibo.ecom.ShowFullScreenAttachment"
296-->src\main\AndroidManifest.xml:211:13-58
297            android:configChanges="keyboard|keyboardHidden|screenSize"
297-->src\main\AndroidManifest.xml:212:13-71
298            android:screenOrientation="portrait"
298-->src\main\AndroidManifest.xml:213:13-49
299            android:theme="@style/Theme.AppCompat.Light.NoActionBar" />
299-->src\main\AndroidManifest.xml:214:13-69
300        <activity
300-->src\main\AndroidManifest.xml:215:9-218:74
301            android:name="com.nebulacompanies.ibo.activities.ProductListDwarka"
301-->src\main\AndroidManifest.xml:216:13-57
302            android:configChanges="keyboard|keyboardHidden|orientation|screenSize"
302-->src\main\AndroidManifest.xml:217:13-83
303            android:theme="@style/Theme.AppCompat.Light.DarkActionBar" />
303-->src\main\AndroidManifest.xml:218:13-71
304        <activity
304-->src\main\AndroidManifest.xml:219:9-222:74
305            android:name="com.nebulacompanies.ibo.activities.ProductListHyderabad"
305-->src\main\AndroidManifest.xml:220:13-60
306            android:configChanges="keyboard|keyboardHidden|orientation|screenSize"
306-->src\main\AndroidManifest.xml:221:13-83
307            android:theme="@style/Theme.AppCompat.Light.DarkActionBar" />
307-->src\main\AndroidManifest.xml:222:13-71
308        <activity
308-->src\main\AndroidManifest.xml:223:9-226:74
309            android:name="com.nebulacompanies.ibo.activities.GenerationIncome"
309-->src\main\AndroidManifest.xml:224:13-56
310            android:configChanges="keyboard|keyboardHidden|orientation|screenSize"
310-->src\main\AndroidManifest.xml:225:13-83
311            android:theme="@style/Theme.AppCompat.Light.DarkActionBar" />
311-->src\main\AndroidManifest.xml:226:13-71
312        <activity
312-->src\main\AndroidManifest.xml:227:9-230:74
313            android:name="com.nebulacompanies.ibo.activities.GoldIncome"
313-->src\main\AndroidManifest.xml:228:13-50
314            android:configChanges="keyboard|keyboardHidden|orientation|screenSize"
314-->src\main\AndroidManifest.xml:229:13-83
315            android:theme="@style/Theme.AppCompat.Light.DarkActionBar" />
315-->src\main\AndroidManifest.xml:230:13-71
316        <activity
316-->src\main\AndroidManifest.xml:231:9-248:20
317            android:name="com.nebulacompanies.ibo.MainActivityDemo"
317-->src\main\AndroidManifest.xml:232:13-45
318            android:launchMode="singleInstance"
318-->src\main\AndroidManifest.xml:234:13-48
319            android:theme="@style/MaterialAnimations.White"
319-->src\main\AndroidManifest.xml:233:13-60
320            android:windowSoftInputMode="stateHidden" >
320-->src\main\AndroidManifest.xml:235:13-54
321
322            <!--
323            <intent-filter android:autoVerify="true">
324                <action android:name="android.intent.action.VIEW" />
325                <category android:name="android.intent.category.DEFAULT" />